#
# There is insufficient memory for the Java Runtime Environment to continue.
# Native memory allocation (mmap) failed to map 1073741824 bytes for Failed to commit area from 0x00000000c0000000 to 0x0000000100000000 of length 1073741824.
# Possible reasons:
#   The system is out of physical RAM or swap space
#   The process is running with CompressedOops enabled, and the Java Heap may be blocking the growth of the native heap
# Possible solutions:
#   Reduce memory load on the system
#   Increase physical memory or swap space
#   Check if swap backing store is full
#   Decrease Java heap size (-Xmx/-Xms)
#   Decrease number of Java threads
#   Decrease Java thread stack sizes (-Xss)
#   Set larger code cache with -XX:ReservedCodeCacheSize=
# This output file may be truncated or incomplete.
#
#  Out of Memory Error (os_windows.cpp:3388), pid=84780, tid=82816
#
# JRE version:  (11.0.26+4) (build )
# Java VM: OpenJDK 64-Bit Server VM (11.0.26+4, mixed mode, sharing, tiered, compressed oops, g1 gc, windows-amd64)
# No core dump will be written. Minidumps are not enabled by default on client versions of Windows
#

---------------  S U M M A R Y ------------

Command Line: --add-opens=java.desktop/sun.awt=ALL-UNNAMED --add-opens=java.desktop/sun.swing=ALL-UNNAMED --add-opens=java.desktop/javax.swing.text.html=ALL-UNNAMED --add-opens=java.desktop/java.awt=ALL-UNNAMED --add-opens=java.desktop/java.awt.font=ALL-UNNAMED --add-opens=java.base/java.lang=ALL-UNNAMED --add-opens=java.base/java.lang.invoke=ALL-UNNAMED --add-opens=java.base/java.lang.reflect=ALL-UNNAMED --add-opens=java.base/java.util=ALL-UNNAMED --add-opens=java.base/java.text=ALL-UNNAMED --add-opens=java.desktop/sun.awt.shell=ALL-UNNAMED -XX:+HeapDumpOnOutOfMemoryError -Xms1g -Xmx1g -XX:MaxMetaspaceSize=256m -XX:+UseG1GC -XX:MaxGCPauseMillis=100 -XX:G1ReservePercent=20 -Djava.security.egd=file:/dev/urandom -Duser.language=en -Duser.region=EN ApacheJMeter.jar

Host: 13th Gen Intel(R) Core(TM) i7-13620H, 16 cores, 15G,  Windows 11 , 64 bit Build 26100 (10.0.26100.4202)
Time: Fri Jun 20 00:31:17 2025 RTZ 2 (s 11 , 64 bit Build 26100 (10.0.26100.4202) elapsed time: 1.179890 seconds (0d 0h 0m 1s)

---------------  T H R E A D  ---------------

Current thread (0x000001d07bb4e000):  JavaThread "Unknown thread" [_thread_in_vm, id=82816, stack(0x0000009d26000000,0x0000009d26100000)]

Stack: [0x0000009d26000000,0x0000009d26100000]
Native frames: (J=compiled Java code, j=interpreted, Vv=VM code, C=native code)
V  [jvm.dll+0x64485a]
V  [jvm.dll+0x7d7099]
V  [jvm.dll+0x7d8779]
V  [jvm.dll+0x7d8e73]
V  [jvm.dll+0x269095]
V  [jvm.dll+0x641a89]
V  [jvm.dll+0x636325]
V  [jvm.dll+0x32552d]
V  [jvm.dll+0x325392]
V  [jvm.dll+0x329fb6]
V  [jvm.dll+0x370fb0]
V  [jvm.dll+0x370a22]
V  [jvm.dll+0x300458]
V  [jvm.dll+0x301555]
V  [jvm.dll+0x7b05c7]
V  [jvm.dll+0x7b1d4f]
V  [jvm.dll+0x37e2a9]
V  [jvm.dll+0x7921ef]
V  [jvm.dll+0x3eeb67]
V  [jvm.dll+0x3f1061]
C  [jli.dll+0x52c0]
C  [ucrtbase.dll+0x37b0]
C  [KERNEL32.DLL+0x2e8d7]
C  [ntdll.dll+0x3c34c]


---------------  P R O C E S S  ---------------

Threads class SMR info:
_java_thread_list=0x000001d07a0899f0, length=0, elements={
}

Java Threads: ( => current thread )

Other Threads:
  0x000001d07bb69000 GCTaskThread "GC Thread#0" [stack: 0x0000009d26100000,0x0000009d26200000] [id=91092]
  0x000001d07bb87000 ConcurrentGCThread "G1 Main Marker" [stack: 0x0000009d26200000,0x0000009d26300000] [id=91032]
  0x000001d07bb89000 ConcurrentGCThread "G1 Conc#0" [stack: 0x0000009d26300000,0x0000009d26400000] [id=85120]

[error occurred during error reporting (printing all threads), id 0xc0000005, EXCEPTION_ACCESS_VIOLATION (0xc0000005) at pc=0x00007fff630512b7]

VM state:not at safepoint (not fully initialized)

VM Mutex/Monitor currently owned by a thread:  ([mutex/lock_event])
[0x000001d07bb4cbd0] Heap_lock - owner thread: 0x000001d07bb4e000

Heap address: 0x00000000c0000000, size: 1024 MB, Compressed Oops mode: Non-zero based: 0x00000000c0000000
Narrow klass base: 0x0000000000000000, Narrow klass shift: 0

GC Heap History (0 events):
No events

Deoptimization events (0 events):
No events

Classes redefined (0 events):
No events

Internal exceptions (0 events):
No events

Events (1 events):
Event: 0.005 Loaded shared library C:\Program Files\Eclipse Adoptium\jdk-11.0.26.4-hotspot\bin\zip.dll


Dynamic libraries:
0x00007ff6c1240000 - 0x00007ff6c124e000 	C:\Program Files\Eclipse Adoptium\jdk-11.0.26.4-hotspot\bin\java.exe
0x00007fffd8fa0000 - 0x00007fffd9205000 	C:\WINDOWS\SYSTEM32\ntdll.dll
0x00007fffd8c20000 - 0x00007fffd8ce9000 	C:\WINDOWS\System32\KERNEL32.DLL
0x00007fffd6690000 - 0x00007fffd6a78000 	C:\WINDOWS\System32\KERNELBASE.dll
0x00007fffd6a80000 - 0x00007fffd6bcb000 	C:\WINDOWS\System32\ucrtbase.dll
0x00007fffbf6a0000 - 0x00007fffbf6b7000 	C:\Program Files\Eclipse Adoptium\jdk-11.0.26.4-hotspot\bin\jli.dll
0x00007fffbfb90000 - 0x00007fffbfbae000 	C:\Program Files\Eclipse Adoptium\jdk-11.0.26.4-hotspot\bin\VCRUNTIME140.dll
0x00007fffd75c0000 - 0x00007fffd778a000 	C:\WINDOWS\System32\USER32.dll
0x00007fffb2760000 - 0x00007fffb29fa000 	C:\WINDOWS\WinSxS\amd64_microsoft.windows.common-controls_6595b64144ccf1df_6.0.26100.4202_none_3e0698d4e335f517\COMCTL32.dll
0x00007fffd6c80000 - 0x00007fffd6ca7000 	C:\WINDOWS\System32\win32u.dll
0x00007fffd8530000 - 0x00007fffd855b000 	C:\WINDOWS\System32\GDI32.dll
0x00007fffd8480000 - 0x00007fffd8529000 	C:\WINDOWS\System32\msvcrt.dll
0x00007fffd6490000 - 0x00007fffd65c7000 	C:\WINDOWS\System32\gdi32full.dll
0x00007fffd6bd0000 - 0x00007fffd6c73000 	C:\WINDOWS\System32\msvcp_win.dll
0x00007fffd8a70000 - 0x00007fffd8aa0000 	C:\WINDOWS\System32\IMM32.DLL
0x00007fffd2910000 - 0x00007fffd291c000 	C:\Program Files\Eclipse Adoptium\jdk-11.0.26.4-hotspot\bin\vcruntime140_1.dll
0x00007fffaef50000 - 0x00007fffaefdd000 	C:\Program Files\Eclipse Adoptium\jdk-11.0.26.4-hotspot\bin\msvcp140.dll
0x00007fff62d40000 - 0x00007fff63903000 	C:\Program Files\Eclipse Adoptium\jdk-11.0.26.4-hotspot\bin\server\jvm.dll
0x00007fffd7310000 - 0x00007fffd73c3000 	C:\WINDOWS\System32\ADVAPI32.dll
0x00007fffd73d0000 - 0x00007fffd7476000 	C:\WINDOWS\System32\sechost.dll
0x00007fffd7ee0000 - 0x00007fffd7ff5000 	C:\WINDOWS\System32\RPCRT4.dll
0x00007fffd8560000 - 0x00007fffd85d4000 	C:\WINDOWS\System32\WS2_32.dll
0x00007fffd8d60000 - 0x00007fffd8d68000 	C:\WINDOWS\System32\PSAPI.DLL
0x00007fffbd320000 - 0x00007fffbd32b000 	C:\WINDOWS\SYSTEM32\VERSION.dll
0x00007fffc7c50000 - 0x00007fffc7c85000 	C:\WINDOWS\SYSTEM32\WINMM.dll
0x00007fffd4e70000 - 0x00007fffd4e8b000 	C:\WINDOWS\SYSTEM32\kernel.appcore.dll
0x00007fffd0900000 - 0x00007fffd0910000 	C:\Program Files\Eclipse Adoptium\jdk-11.0.26.4-hotspot\bin\verify.dll
0x00007fffd3370000 - 0x00007fffd35b1000 	C:\WINDOWS\SYSTEM32\DBGHELP.DLL
0x00007fffd6df0000 - 0x00007fffd7175000 	C:\WINDOWS\System32\combase.dll
0x00007fffd74d0000 - 0x00007fffd75b1000 	C:\WINDOWS\System32\OLEAUT32.dll
0x00007fffae860000 - 0x00007fffae899000 	C:\WINDOWS\SYSTEM32\dbgcore.DLL
0x00007fffd60f0000 - 0x00007fffd6189000 	C:\WINDOWS\System32\bcryptPrimitives.dll
0x00007fffbb420000 - 0x00007fffbb448000 	C:\Program Files\Eclipse Adoptium\jdk-11.0.26.4-hotspot\bin\java.dll
0x00007fffd08f0000 - 0x00007fffd08fa000 	C:\Program Files\Eclipse Adoptium\jdk-11.0.26.4-hotspot\bin\jimage.dll
0x00007fffc0f40000 - 0x00007fffc0f58000 	C:\Program Files\Eclipse Adoptium\jdk-11.0.26.4-hotspot\bin\zip.dll

dbghelp: loaded successfully - version: 4.0.5 - missing functions: none
symbol engine: initialized successfully - sym options: 0x614 - pdb path: .;C:\Program Files\Eclipse Adoptium\jdk-11.0.26.4-hotspot\bin;C:\WINDOWS\SYSTEM32;C:\WINDOWS\WinSxS\amd64_microsoft.windows.common-controls_6595b64144ccf1df_6.0.26100.4202_none_3e0698d4e335f517;C:\Program Files\Eclipse Adoptium\jdk-11.0.26.4-hotspot\bin\server

VM Arguments:
jvm_args: --add-opens=java.desktop/sun.awt=ALL-UNNAMED --add-opens=java.desktop/sun.swing=ALL-UNNAMED --add-opens=java.desktop/javax.swing.text.html=ALL-UNNAMED --add-opens=java.desktop/java.awt=ALL-UNNAMED --add-opens=java.desktop/java.awt.font=ALL-UNNAMED --add-opens=java.base/java.lang=ALL-UNNAMED --add-opens=java.base/java.lang.invoke=ALL-UNNAMED --add-opens=java.base/java.lang.reflect=ALL-UNNAMED --add-opens=java.base/java.util=ALL-UNNAMED --add-opens=java.base/java.text=ALL-UNNAMED --add-opens=java.desktop/sun.awt.shell=ALL-UNNAMED -XX:+HeapDumpOnOutOfMemoryError -Xms1g -Xmx1g -XX:MaxMetaspaceSize=256m -XX:+UseG1GC -XX:MaxGCPauseMillis=100 -XX:G1ReservePercent=20 -Djava.security.egd=file:/dev/urandom -Duser.language=en -Duser.region=EN 
java_command: ApacheJMeter.jar
java_class_path (initial): ApacheJMeter.jar
Launcher Type: SUN_STANDARD

[Global flags]
     intx CICompilerCount                          = 12                                        {product} {ergonomic}
   size_t CompressedClassSpaceSize                 = 260046848                                 {product} {ergonomic}
     uint ConcGCThreads                            = 3                                         {product} {ergonomic}
     uint G1ConcRefinementThreads                  = 13                                        {product} {ergonomic}
   size_t G1HeapRegionSize                         = 1048576                                   {product} {ergonomic}
    uintx G1ReservePercent                         = 20                                        {product} {command line}
    uintx GCDrainStackTargetSize                   = 64                                        {product} {ergonomic}
     bool HeapDumpOnOutOfMemoryError               = true                                   {manageable} {command line}
   size_t InitialHeapSize                          = 1073741824                                {product} {command line}
   size_t MarkStackSize                            = 4194304                                   {product} {ergonomic}
    uintx MaxGCPauseMillis                         = 100                                       {product} {command line}
   size_t MaxHeapSize                              = 1073741824                                {product} {command line}
   size_t MaxMetaspaceSize                         = 268435456                                 {product} {command line}
   size_t MinHeapDeltaBytes                        = 1048576                                   {product} {ergonomic}
    uintx NonNMethodCodeHeapSize                   = 7594288                                {pd product} {ergonomic}
    uintx NonProfiledCodeHeapSize                  = 122031976                              {pd product} {ergonomic}
    uintx ProfiledCodeHeapSize                     = 122031976                              {pd product} {ergonomic}
    uintx ReservedCodeCacheSize                    = 251658240                              {pd product} {ergonomic}
     bool SegmentedCodeCache                       = true                                      {product} {ergonomic}
     bool UseCompressedClassPointers               = true                                 {lp64_product} {ergonomic}
     bool UseCompressedOops                        = true                                 {lp64_product} {ergonomic}
     bool UseG1GC                                  = true                                      {product} {command line}
     bool UseLargePagesIndividualAllocation        = false                                  {pd product} {ergonomic}

Logging:
Log output configuration:
 #0: stdout all=warning uptime,level,tags
 #1: stderr all=off uptime,level,tags

Environment Variables:
JAVA_HOME=C:\Program Files\Eclipse Adoptium\jdk-11.0.26.4-hotspot\
PATH=C:\Program Files\Eclipse Adoptium\jdk-11.0.26.4-hotspot\bin;C:\WINDOWS\system32;C:\WINDOWS;C:\WINDOWS\System32\Wbem;C:\WINDOWS\System32\WindowsPowerShell\v1.0\;C:\WINDOWS\System32\OpenSSH\;C:\Program Files\Git\cmd;C:\OldPC\apache-maven-3.9.9\bin;C:\Program Files\Eclipse Adoptium\jdk-11.0.26.4-hotspot\\bin;;C:\Program Files\Docker\Docker\resources\bin;C:\Program Files\WireGuard\;C:\Program Files (x86)\NetSarang\Xshell 8\;C:\Users\Vanhi\AppData\Local\Microsoft\WindowsApps;;C:\Users\Vanhi\AppData\Local\Programs\Fiddler;C:\Users\Vanhi\AppData\Local\Programs\Lens\resources\cli\bin
USERNAME=Vanhik
OS=Windows_NT
PROCESSOR_IDENTIFIER=Intel64 Family 6 Model 186 Stepping 2, GenuineIntel
TMP=C:\Users\Vanhi\AppData\Local\Temp
TEMP=C:\Users\Vanhi\AppData\Local\Temp



---------------  S Y S T E M  ---------------

OS: Windows 11 , 64 bit Build 26100 (10.0.26100.4202)
OS uptime: 5 days 14:45 hours
Hyper-V role detected

CPU:total 16 (initial active 16) (8 cores per cpu, 2 threads per core) family 6 model 186 stepping 2 microcode 0x5102, cmov, cx8, fxsr, mmx, sse, sse2, sse3, ssse3, sse4.1, sse4.2, popcnt, avx, avx2, aes, clmul, erms, 3dnowpref, lzcnt, ht, tsc, tscinvbit, bmi1, bmi2, adx, sha, fma

Memory: 4k page, system-wide physical 16107M (808M free)
TotalPageFile size 29784M (AvailPageFile size 509M)
current process WorkingSet (physical memory assigned to process): 12M, peak: 12M
current process commit charge ("private bytes"): 70M, peak: 1094M

vm_info: OpenJDK 64-Bit Server VM (11.0.26+4) for windows-amd64 JRE (11.0.26+4), built on Jan 22 2025 03:32:54 by "" with MS VC++ 17.7 (VS2022)

END.
